<?xml version="1.0" encoding="UTF-8"?>
<!-- Generated by org.testng.reporters.JUnitReportReporter -->
<testsuite hostname="RS-MacBook-Pro.local" failures="0" tests="1" name="utils.LoginPage" time="17.466" errors="0" timestamp="2023-06-29T18:37:57 IST" skipped="0">
  <testcase classname="utils.LoginPage" name="lunchBrowser" time="17.466"/>
</testsuite> <!-- utils.LoginPage -->
