<?xml version="1.0" encoding="UTF-8"?>
<testsuite xmlns:xsi="http://www.w3.org/2001/XMLSchema-instance" xsi:noNamespaceSchemaLocation="https://maven.apache.org/surefire/maven-surefire-plugin/xsd/surefire-test-report.xsd" name="songTest.SongRunnerTest" time="10.751" tests="3" errors="0" skipped="2" failures="1">
  <properties>
    <property name="java.specification.version" value="18"/>
    <property name="sun.jnu.encoding" value="UTF-8"/>
    <property name="java.class.path" value="/Users/manaschandra/Desktop/testproject/StandardType/target/test-classes:/Users/manaschandra/Desktop/testproject/StandardType/target/classes:/Users/manaschandra/.m2/repository/junit/junit/4.11/junit-4.11.jar:/Users/manaschandra/.m2/repository/org/hamcrest/hamcrest-core/1.3/hamcrest-core-1.3.jar:/Users/manaschandra/.m2/repository/org/seleniumhq/selenium/selenium-chrome-driver/4.10.0/selenium-chrome-driver-4.10.0.jar:/Users/manaschandra/.m2/repository/com/google/auto/service/auto-service-annotations/1.0.1/auto-service-annotations-1.0.1.jar:/Users/manaschandra/.m2/repository/com/google/auto/service/auto-service/1.0.1/auto-service-1.0.1.jar:/Users/manaschandra/.m2/repository/com/google/auto/auto-common/1.2/auto-common-1.2.jar:/Users/manaschandra/.m2/repository/com/google/guava/guava/31.1-jre/guava-31.1-jre.jar:/Users/manaschandra/.m2/repository/com/google/guava/failureaccess/1.0.1/failureaccess-1.0.1.jar:/Users/manaschandra/.m2/repository/com/google/guava/listenablefuture/9999.0-empty-to-avoid-conflict-with-guava/listenablefuture-9999.0-empty-to-avoid-conflict-with-guava.jar:/Users/manaschandra/.m2/repository/com/google/code/findbugs/jsr305/3.0.2/jsr305-3.0.2.jar:/Users/manaschandra/.m2/repository/org/checkerframework/checker-qual/3.12.0/checker-qual-3.12.0.jar:/Users/manaschandra/.m2/repository/com/google/errorprone/error_prone_annotations/2.11.0/error_prone_annotations-2.11.0.jar:/Users/manaschandra/.m2/repository/com/google/j2objc/j2objc-annotations/1.3/j2objc-annotations-1.3.jar:/Users/manaschandra/.m2/repository/org/seleniumhq/selenium/selenium-chromium-driver/4.10.0/selenium-chromium-driver-4.10.0.jar:/Users/manaschandra/.m2/repository/org/seleniumhq/selenium/selenium-json/4.10.0/selenium-json-4.10.0.jar:/Users/manaschandra/.m2/repository/org/seleniumhq/selenium/selenium-manager/4.10.0/selenium-manager-4.10.0.jar:/Users/manaschandra/.m2/repository/org/seleniumhq/selenium/selenium-remote-driver/4.10.0/selenium-remote-driver-4.10.0.jar:/Users/manaschandra/.m2/repository/io/netty/netty-buffer/4.1.92.Final/netty-buffer-4.1.92.Final.jar:/Users/manaschandra/.m2/repository/io/netty/netty-codec-http/4.1.92.Final/netty-codec-http-4.1.92.Final.jar:/Users/manaschandra/.m2/repository/io/netty/netty-codec/4.1.92.Final/netty-codec-4.1.92.Final.jar:/Users/manaschandra/.m2/repository/io/netty/netty-handler/4.1.92.Final/netty-handler-4.1.92.Final.jar:/Users/manaschandra/.m2/repository/io/netty/netty-common/4.1.92.Final/netty-common-4.1.92.Final.jar:/Users/manaschandra/.m2/repository/io/netty/netty-transport-classes-epoll/4.1.92.Final/netty-transport-classes-epoll-4.1.92.Final.jar:/Users/manaschandra/.m2/repository/io/netty/netty-transport-classes-kqueue/4.1.92.Final/netty-transport-classes-kqueue-4.1.92.Final.jar:/Users/manaschandra/.m2/repository/io/netty/netty-transport-native-epoll/4.1.92.Final/netty-transport-native-epoll-4.1.92.Final.jar:/Users/manaschandra/.m2/repository/io/netty/netty-transport-native-kqueue/4.1.92.Final/netty-transport-native-kqueue-4.1.92.Final.jar:/Users/manaschandra/.m2/repository/io/netty/netty-transport-native-unix-common/4.1.92.Final/netty-transport-native-unix-common-4.1.92.Final.jar:/Users/manaschandra/.m2/repository/io/netty/netty-transport/4.1.92.Final/netty-transport-4.1.92.Final.jar:/Users/manaschandra/.m2/repository/io/netty/netty-resolver/4.1.92.Final/netty-resolver-4.1.92.Final.jar:/Users/manaschandra/.m2/repository/io/opentelemetry/opentelemetry-api/1.26.0/opentelemetry-api-1.26.0.jar:/Users/manaschandra/.m2/repository/io/opentelemetry/opentelemetry-context/1.26.0/opentelemetry-context-1.26.0.jar:/Users/manaschandra/.m2/repository/io/opentelemetry/opentelemetry-exporter-logging/1.26.0/opentelemetry-exporter-logging-1.26.0.jar:/Users/manaschandra/.m2/repository/io/opentelemetry/opentelemetry-sdk-metrics/1.26.0/opentelemetry-sdk-metrics-1.26.0.jar:/Users/manaschandra/.m2/repository/io/opentelemetry/opentelemetry-extension-incubator/1.26.0-alpha/opentelemetry-extension-incubator-1.26.0-alpha.jar:/Users/manaschandra/.m2/repository/io/opentelemetry/opentelemetry-sdk-logs/1.26.0-alpha/opentelemetry-sdk-logs-1.26.0-alpha.jar:/Users/manaschandra/.m2/repository/io/opentelemetry/opentelemetry-api-logs/1.26.0-alpha/opentelemetry-api-logs-1.26.0-alpha.jar:/Users/manaschandra/.m2/repository/io/opentelemetry/opentelemetry-api-events/1.26.0-alpha/opentelemetry-api-events-1.26.0-alpha.jar:/Users/manaschandra/.m2/repository/io/opentelemetry/opentelemetry-sdk-common/1.26.0/opentelemetry-sdk-common-1.26.0.jar:/Users/manaschandra/.m2/repository/io/opentelemetry/opentelemetry-sdk-extension-autoconfigure-spi/1.26.0/opentelemetry-sdk-extension-autoconfigure-spi-1.26.0.jar:/Users/manaschandra/.m2/repository/io/opentelemetry/opentelemetry-sdk-extension-autoconfigure/1.26.0-alpha/opentelemetry-sdk-extension-autoconfigure-1.26.0-alpha.jar:/Users/manaschandra/.m2/repository/io/opentelemetry/opentelemetry-sdk-trace/1.26.0/opentelemetry-sdk-trace-1.26.0.jar:/Users/manaschandra/.m2/repository/io/opentelemetry/opentelemetry-sdk/1.26.0/opentelemetry-sdk-1.26.0.jar:/Users/manaschandra/.m2/repository/io/opentelemetry/opentelemetry-semconv/1.26.0-alpha/opentelemetry-semconv-1.26.0-alpha.jar:/Users/manaschandra/.m2/repository/org/asynchttpclient/async-http-client/2.12.3/async-http-client-2.12.3.jar:/Users/manaschandra/.m2/repository/org/asynchttpclient/async-http-client-netty-utils/2.12.3/async-http-client-netty-utils-2.12.3.jar:/Users/manaschandra/.m2/repository/io/netty/netty-codec-socks/4.1.60.Final/netty-codec-socks-4.1.60.Final.jar:/Users/manaschandra/.m2/repository/io/netty/netty-handler-proxy/4.1.60.Final/netty-handler-proxy-4.1.60.Final.jar:/Users/manaschandra/.m2/repository/io/netty/netty-transport-native-epoll/4.1.60.Final/netty-transport-native-epoll-4.1.60.Final-linux-x86_64.jar:/Users/manaschandra/.m2/repository/io/netty/netty-transport-native-kqueue/4.1.60.Final/netty-transport-native-kqueue-4.1.60.Final-osx-x86_64.jar:/Users/manaschandra/.m2/repository/org/reactivestreams/reactive-streams/1.0.3/reactive-streams-1.0.3.jar:/Users/manaschandra/.m2/repository/com/typesafe/netty/netty-reactive-streams/2.0.4/netty-reactive-streams-2.0.4.jar:/Users/manaschandra/.m2/repository/org/slf4j/slf4j-api/1.7.30/slf4j-api-1.7.30.jar:/Users/manaschandra/.m2/repository/com/sun/activation/jakarta.activation/1.2.2/jakarta.activation-1.2.2.jar:/Users/manaschandra/.m2/repository/org/seleniumhq/selenium/selenium-http/4.10.0/selenium-http-4.10.0.jar:/Users/manaschandra/.m2/repository/dev/failsafe/failsafe/3.3.1/failsafe-3.3.1.jar:/Users/manaschandra/.m2/repository/org/seleniumhq/selenium/selenium-java/4.10.0/selenium-java-4.10.0.jar:/Users/manaschandra/.m2/repository/org/seleniumhq/selenium/selenium-devtools-v112/4.10.0/selenium-devtools-v112-4.10.0.jar:/Users/manaschandra/.m2/repository/org/seleniumhq/selenium/selenium-devtools-v113/4.10.0/selenium-devtools-v113-4.10.0.jar:/Users/manaschandra/.m2/repository/org/seleniumhq/selenium/selenium-devtools-v114/4.10.0/selenium-devtools-v114-4.10.0.jar:/Users/manaschandra/.m2/repository/org/seleniumhq/selenium/selenium-devtools-v85/4.10.0/selenium-devtools-v85-4.10.0.jar:/Users/manaschandra/.m2/repository/org/seleniumhq/selenium/selenium-edge-driver/4.10.0/selenium-edge-driver-4.10.0.jar:/Users/manaschandra/.m2/repository/org/seleniumhq/selenium/selenium-firefox-driver/4.10.0/selenium-firefox-driver-4.10.0.jar:/Users/manaschandra/.m2/repository/org/seleniumhq/selenium/selenium-ie-driver/4.10.0/selenium-ie-driver-4.10.0.jar:/Users/manaschandra/.m2/repository/org/seleniumhq/selenium/selenium-safari-driver/4.10.0/selenium-safari-driver-4.10.0.jar:/Users/manaschandra/.m2/repository/org/seleniumhq/selenium/selenium-api/4.10.0/selenium-api-4.10.0.jar:/Users/manaschandra/.m2/repository/org/seleniumhq/selenium/selenium-support/4.10.0/selenium-support-4.10.0.jar:/Users/manaschandra/.m2/repository/net/bytebuddy/byte-buddy/1.14.4/byte-buddy-1.14.4.jar:/Users/manaschandra/.m2/repository/org/seleniumhq/selenium/selenium-server/3.141.5/selenium-server-3.141.5.jar:/Users/manaschandra/.m2/repository/org/seleniumhq/selenium/selenium-opera-driver/3.141.5/selenium-opera-driver-3.141.5.jar:/Users/manaschandra/.m2/repository/com/beust/jcommander/1.72/jcommander-1.72.jar:/Users/manaschandra/.m2/repository/org/apache/commons/commons-exec/1.3/commons-exec-1.3.jar:/Users/manaschandra/.m2/repository/net/jcip/jcip-annotations/1.0/jcip-annotations-1.0.jar:/Users/manaschandra/.m2/repository/org/seleniumhq/selenium/jetty-repacked/9.4.12.v20180830/jetty-repacked-9.4.12.v20180830.jar:/Users/manaschandra/.m2/repository/com/squareup/okhttp3/okhttp/3.11.0/okhttp-3.11.0.jar:/Users/manaschandra/.m2/repository/com/squareup/okio/okio/1.14.0/okio-1.14.0.jar:/Users/manaschandra/.m2/repository/javax/servlet/javax.servlet-api/3.1.0/javax.servlet-api-3.1.0.jar:/Users/manaschandra/.m2/repository/org/yaml/snakeyaml/1.19/snakeyaml-1.19.jar:/Users/manaschandra/.m2/repository/org/testng/reportng/1.2.2/reportng-1.2.2.jar:/Users/manaschandra/.m2/repository/org/testng/testng/7.0.0/testng-7.0.0.jar:/Users/manaschandra/.m2/repository/org/freemarker/freemarker/2.3.28/freemarker-2.3.28.jar:/Users/manaschandra/.m2/repository/com/google/inject/guice/4.2.0/guice-4.2.0.jar:/Users/manaschandra/.m2/repository/javax/inject/javax.inject/1/javax.inject-1.jar:/Users/manaschandra/.m2/repository/aopalliance/aopalliance/1.0/aopalliance-1.0.jar:/Users/manaschandra/.m2/repository/org/apache/poi/poi/5.2.3/poi-5.2.3.jar:/Users/manaschandra/.m2/repository/commons-codec/commons-codec/1.15/commons-codec-1.15.jar:/Users/manaschandra/.m2/repository/org/apache/commons/commons-collections4/4.4/commons-collections4-4.4.jar:/Users/manaschandra/.m2/repository/org/apache/commons/commons-math3/3.6.1/commons-math3-3.6.1.jar:/Users/manaschandra/.m2/repository/commons-io/commons-io/2.11.0/commons-io-2.11.0.jar:/Users/manaschandra/.m2/repository/com/zaxxer/SparseBitSet/1.2/SparseBitSet-1.2.jar:/Users/manaschandra/.m2/repository/org/apache/logging/log4j/log4j-api/2.18.0/log4j-api-2.18.0.jar:"/>
    <property name="java.vm.vendor" value="Oracle Corporation"/>
    <property name="sun.arch.data.model" value="64"/>
    <property name="java.vendor.url" value="https://java.oracle.com/"/>
    <property name="os.name" value="Mac OS X"/>
    <property name="java.vm.specification.version" value="18"/>
    <property name="sun.java.launcher" value="SUN_STANDARD"/>
    <property name="user.country" value="IN"/>
    <property name="sun.boot.library.path" value="/Users/manaschandra/Library/Java/JavaVirtualMachines/openjdk-18.0.2.1/Contents/Home/lib"/>
    <property name="sun.java.command" value="/Users/manaschandra/Desktop/testproject/StandardType/target/surefire/surefirebooter7327619920405781071.jar /Users/manaschandra/Desktop/testproject/StandardType/target/surefire 2023-06-29T18-55-53_752-jvmRun1 surefire15525585533205076792tmp surefire_03348437338193026420tmp"/>
    <property name="http.nonProxyHosts" value="local|*.local|169.254/16|*.169.254/16"/>
    <property name="jdk.debug" value="release"/>
    <property name="surefire.test.class.path" value="/Users/manaschandra/Desktop/testproject/StandardType/target/test-classes:/Users/manaschandra/Desktop/testproject/StandardType/target/classes:/Users/manaschandra/.m2/repository/junit/junit/4.11/junit-4.11.jar:/Users/manaschandra/.m2/repository/org/hamcrest/hamcrest-core/1.3/hamcrest-core-1.3.jar:/Users/manaschandra/.m2/repository/org/seleniumhq/selenium/selenium-chrome-driver/4.10.0/selenium-chrome-driver-4.10.0.jar:/Users/manaschandra/.m2/repository/com/google/auto/service/auto-service-annotations/1.0.1/auto-service-annotations-1.0.1.jar:/Users/manaschandra/.m2/repository/com/google/auto/service/auto-service/1.0.1/auto-service-1.0.1.jar:/Users/manaschandra/.m2/repository/com/google/auto/auto-common/1.2/auto-common-1.2.jar:/Users/manaschandra/.m2/repository/com/google/guava/guava/31.1-jre/guava-31.1-jre.jar:/Users/manaschandra/.m2/repository/com/google/guava/failureaccess/1.0.1/failureaccess-1.0.1.jar:/Users/manaschandra/.m2/repository/com/google/guava/listenablefuture/9999.0-empty-to-avoid-conflict-with-guava/listenablefuture-9999.0-empty-to-avoid-conflict-with-guava.jar:/Users/manaschandra/.m2/repository/com/google/code/findbugs/jsr305/3.0.2/jsr305-3.0.2.jar:/Users/manaschandra/.m2/repository/org/checkerframework/checker-qual/3.12.0/checker-qual-3.12.0.jar:/Users/manaschandra/.m2/repository/com/google/errorprone/error_prone_annotations/2.11.0/error_prone_annotations-2.11.0.jar:/Users/manaschandra/.m2/repository/com/google/j2objc/j2objc-annotations/1.3/j2objc-annotations-1.3.jar:/Users/manaschandra/.m2/repository/org/seleniumhq/selenium/selenium-chromium-driver/4.10.0/selenium-chromium-driver-4.10.0.jar:/Users/manaschandra/.m2/repository/org/seleniumhq/selenium/selenium-json/4.10.0/selenium-json-4.10.0.jar:/Users/manaschandra/.m2/repository/org/seleniumhq/selenium/selenium-manager/4.10.0/selenium-manager-4.10.0.jar:/Users/manaschandra/.m2/repository/org/seleniumhq/selenium/selenium-remote-driver/4.10.0/selenium-remote-driver-4.10.0.jar:/Users/manaschandra/.m2/repository/io/netty/netty-buffer/4.1.92.Final/netty-buffer-4.1.92.Final.jar:/Users/manaschandra/.m2/repository/io/netty/netty-codec-http/4.1.92.Final/netty-codec-http-4.1.92.Final.jar:/Users/manaschandra/.m2/repository/io/netty/netty-codec/4.1.92.Final/netty-codec-4.1.92.Final.jar:/Users/manaschandra/.m2/repository/io/netty/netty-handler/4.1.92.Final/netty-handler-4.1.92.Final.jar:/Users/manaschandra/.m2/repository/io/netty/netty-common/4.1.92.Final/netty-common-4.1.92.Final.jar:/Users/manaschandra/.m2/repository/io/netty/netty-transport-classes-epoll/4.1.92.Final/netty-transport-classes-epoll-4.1.92.Final.jar:/Users/manaschandra/.m2/repository/io/netty/netty-transport-classes-kqueue/4.1.92.Final/netty-transport-classes-kqueue-4.1.92.Final.jar:/Users/manaschandra/.m2/repository/io/netty/netty-transport-native-epoll/4.1.92.Final/netty-transport-native-epoll-4.1.92.Final.jar:/Users/manaschandra/.m2/repository/io/netty/netty-transport-native-kqueue/4.1.92.Final/netty-transport-native-kqueue-4.1.92.Final.jar:/Users/manaschandra/.m2/repository/io/netty/netty-transport-native-unix-common/4.1.92.Final/netty-transport-native-unix-common-4.1.92.Final.jar:/Users/manaschandra/.m2/repository/io/netty/netty-transport/4.1.92.Final/netty-transport-4.1.92.Final.jar:/Users/manaschandra/.m2/repository/io/netty/netty-resolver/4.1.92.Final/netty-resolver-4.1.92.Final.jar:/Users/manaschandra/.m2/repository/io/opentelemetry/opentelemetry-api/1.26.0/opentelemetry-api-1.26.0.jar:/Users/manaschandra/.m2/repository/io/opentelemetry/opentelemetry-context/1.26.0/opentelemetry-context-1.26.0.jar:/Users/manaschandra/.m2/repository/io/opentelemetry/opentelemetry-exporter-logging/1.26.0/opentelemetry-exporter-logging-1.26.0.jar:/Users/manaschandra/.m2/repository/io/opentelemetry/opentelemetry-sdk-metrics/1.26.0/opentelemetry-sdk-metrics-1.26.0.jar:/Users/manaschandra/.m2/repository/io/opentelemetry/opentelemetry-extension-incubator/1.26.0-alpha/opentelemetry-extension-incubator-1.26.0-alpha.jar:/Users/manaschandra/.m2/repository/io/opentelemetry/opentelemetry-sdk-logs/1.26.0-alpha/opentelemetry-sdk-logs-1.26.0-alpha.jar:/Users/manaschandra/.m2/repository/io/opentelemetry/opentelemetry-api-logs/1.26.0-alpha/opentelemetry-api-logs-1.26.0-alpha.jar:/Users/manaschandra/.m2/repository/io/opentelemetry/opentelemetry-api-events/1.26.0-alpha/opentelemetry-api-events-1.26.0-alpha.jar:/Users/manaschandra/.m2/repository/io/opentelemetry/opentelemetry-sdk-common/1.26.0/opentelemetry-sdk-common-1.26.0.jar:/Users/manaschandra/.m2/repository/io/opentelemetry/opentelemetry-sdk-extension-autoconfigure-spi/1.26.0/opentelemetry-sdk-extension-autoconfigure-spi-1.26.0.jar:/Users/manaschandra/.m2/repository/io/opentelemetry/opentelemetry-sdk-extension-autoconfigure/1.26.0-alpha/opentelemetry-sdk-extension-autoconfigure-1.26.0-alpha.jar:/Users/manaschandra/.m2/repository/io/opentelemetry/opentelemetry-sdk-trace/1.26.0/opentelemetry-sdk-trace-1.26.0.jar:/Users/manaschandra/.m2/repository/io/opentelemetry/opentelemetry-sdk/1.26.0/opentelemetry-sdk-1.26.0.jar:/Users/manaschandra/.m2/repository/io/opentelemetry/opentelemetry-semconv/1.26.0-alpha/opentelemetry-semconv-1.26.0-alpha.jar:/Users/manaschandra/.m2/repository/org/asynchttpclient/async-http-client/2.12.3/async-http-client-2.12.3.jar:/Users/manaschandra/.m2/repository/org/asynchttpclient/async-http-client-netty-utils/2.12.3/async-http-client-netty-utils-2.12.3.jar:/Users/manaschandra/.m2/repository/io/netty/netty-codec-socks/4.1.60.Final/netty-codec-socks-4.1.60.Final.jar:/Users/manaschandra/.m2/repository/io/netty/netty-handler-proxy/4.1.60.Final/netty-handler-proxy-4.1.60.Final.jar:/Users/manaschandra/.m2/repository/io/netty/netty-transport-native-epoll/4.1.60.Final/netty-transport-native-epoll-4.1.60.Final-linux-x86_64.jar:/Users/manaschandra/.m2/repository/io/netty/netty-transport-native-kqueue/4.1.60.Final/netty-transport-native-kqueue-4.1.60.Final-osx-x86_64.jar:/Users/manaschandra/.m2/repository/org/reactivestreams/reactive-streams/1.0.3/reactive-streams-1.0.3.jar:/Users/manaschandra/.m2/repository/com/typesafe/netty/netty-reactive-streams/2.0.4/netty-reactive-streams-2.0.4.jar:/Users/manaschandra/.m2/repository/org/slf4j/slf4j-api/1.7.30/slf4j-api-1.7.30.jar:/Users/manaschandra/.m2/repository/com/sun/activation/jakarta.activation/1.2.2/jakarta.activation-1.2.2.jar:/Users/manaschandra/.m2/repository/org/seleniumhq/selenium/selenium-http/4.10.0/selenium-http-4.10.0.jar:/Users/manaschandra/.m2/repository/dev/failsafe/failsafe/3.3.1/failsafe-3.3.1.jar:/Users/manaschandra/.m2/repository/org/seleniumhq/selenium/selenium-java/4.10.0/selenium-java-4.10.0.jar:/Users/manaschandra/.m2/repository/org/seleniumhq/selenium/selenium-devtools-v112/4.10.0/selenium-devtools-v112-4.10.0.jar:/Users/manaschandra/.m2/repository/org/seleniumhq/selenium/selenium-devtools-v113/4.10.0/selenium-devtools-v113-4.10.0.jar:/Users/manaschandra/.m2/repository/org/seleniumhq/selenium/selenium-devtools-v114/4.10.0/selenium-devtools-v114-4.10.0.jar:/Users/manaschandra/.m2/repository/org/seleniumhq/selenium/selenium-devtools-v85/4.10.0/selenium-devtools-v85-4.10.0.jar:/Users/manaschandra/.m2/repository/org/seleniumhq/selenium/selenium-edge-driver/4.10.0/selenium-edge-driver-4.10.0.jar:/Users/manaschandra/.m2/repository/org/seleniumhq/selenium/selenium-firefox-driver/4.10.0/selenium-firefox-driver-4.10.0.jar:/Users/manaschandra/.m2/repository/org/seleniumhq/selenium/selenium-ie-driver/4.10.0/selenium-ie-driver-4.10.0.jar:/Users/manaschandra/.m2/repository/org/seleniumhq/selenium/selenium-safari-driver/4.10.0/selenium-safari-driver-4.10.0.jar:/Users/manaschandra/.m2/repository/org/seleniumhq/selenium/selenium-api/4.10.0/selenium-api-4.10.0.jar:/Users/manaschandra/.m2/repository/org/seleniumhq/selenium/selenium-support/4.10.0/selenium-support-4.10.0.jar:/Users/manaschandra/.m2/repository/net/bytebuddy/byte-buddy/1.14.4/byte-buddy-1.14.4.jar:/Users/manaschandra/.m2/repository/org/seleniumhq/selenium/selenium-server/3.141.5/selenium-server-3.141.5.jar:/Users/manaschandra/.m2/repository/org/seleniumhq/selenium/selenium-opera-driver/3.141.5/selenium-opera-driver-3.141.5.jar:/Users/manaschandra/.m2/repository/com/beust/jcommander/1.72/jcommander-1.72.jar:/Users/manaschandra/.m2/repository/org/apache/commons/commons-exec/1.3/commons-exec-1.3.jar:/Users/manaschandra/.m2/repository/net/jcip/jcip-annotations/1.0/jcip-annotations-1.0.jar:/Users/manaschandra/.m2/repository/org/seleniumhq/selenium/jetty-repacked/9.4.12.v20180830/jetty-repacked-9.4.12.v20180830.jar:/Users/manaschandra/.m2/repository/com/squareup/okhttp3/okhttp/3.11.0/okhttp-3.11.0.jar:/Users/manaschandra/.m2/repository/com/squareup/okio/okio/1.14.0/okio-1.14.0.jar:/Users/manaschandra/.m2/repository/javax/servlet/javax.servlet-api/3.1.0/javax.servlet-api-3.1.0.jar:/Users/manaschandra/.m2/repository/org/yaml/snakeyaml/1.19/snakeyaml-1.19.jar:/Users/manaschandra/.m2/repository/org/testng/reportng/1.2.2/reportng-1.2.2.jar:/Users/manaschandra/.m2/repository/org/testng/testng/7.0.0/testng-7.0.0.jar:/Users/manaschandra/.m2/repository/org/freemarker/freemarker/2.3.28/freemarker-2.3.28.jar:/Users/manaschandra/.m2/repository/com/google/inject/guice/4.2.0/guice-4.2.0.jar:/Users/manaschandra/.m2/repository/javax/inject/javax.inject/1/javax.inject-1.jar:/Users/manaschandra/.m2/repository/aopalliance/aopalliance/1.0/aopalliance-1.0.jar:/Users/manaschandra/.m2/repository/org/apache/poi/poi/5.2.3/poi-5.2.3.jar:/Users/manaschandra/.m2/repository/commons-codec/commons-codec/1.15/commons-codec-1.15.jar:/Users/manaschandra/.m2/repository/org/apache/commons/commons-collections4/4.4/commons-collections4-4.4.jar:/Users/manaschandra/.m2/repository/org/apache/commons/commons-math3/3.6.1/commons-math3-3.6.1.jar:/Users/manaschandra/.m2/repository/commons-io/commons-io/2.11.0/commons-io-2.11.0.jar:/Users/manaschandra/.m2/repository/com/zaxxer/SparseBitSet/1.2/SparseBitSet-1.2.jar:/Users/manaschandra/.m2/repository/org/apache/logging/log4j/log4j-api/2.18.0/log4j-api-2.18.0.jar:"/>
    <property name="sun.cpu.endian" value="little"/>
    <property name="user.home" value="/Users/manaschandra"/>
    <property name="user.language" value="en"/>
    <property name="java.specification.vendor" value="Oracle Corporation"/>
    <property name="java.version.date" value="2022-08-18"/>
    <property name="java.home" value="/Users/manaschandra/Library/Java/JavaVirtualMachines/openjdk-18.0.2.1/Contents/Home"/>
    <property name="file.separator" value="/"/>
    <property name="basedir" value="/Users/manaschandra/Desktop/testproject/StandardType"/>
    <property name="style.color" value="always"/>
    <property name="java.vm.compressedOopsMode" value="Zero based"/>
    <property name="line.separator" value="&#10;"/>
    <property name="java.vm.specification.vendor" value="Oracle Corporation"/>
    <property name="java.specification.name" value="Java Platform API Specification"/>
    <property name="apple.awt.application.name" value="ForkedBooter"/>
    <property name="surefire.real.class.path" value="/Users/manaschandra/Desktop/testproject/StandardType/target/surefire/surefirebooter7327619920405781071.jar"/>
    <property name="sun.management.compiler" value="HotSpot 64-Bit Tiered Compilers"/>
    <property name="ftp.nonProxyHosts" value="local|*.local|169.254/16|*.169.254/16"/>
    <property name="java.runtime.version" value="18.0.2.1+1-1"/>
    <property name="user.name" value="manaschandra"/>
    <property name="path.separator" value=":"/>
    <property name="os.version" value="12.6"/>
    <property name="java.runtime.name" value="OpenJDK Runtime Environment"/>
    <property name="file.encoding" value="UTF-8"/>
    <property name="java.vm.name" value="OpenJDK 64-Bit Server VM"/>
    <property name="localRepository" value="/Users/manaschandra/.m2/repository"/>
    <property name="java.vendor.url.bug" value="https://bugreport.java.com/bugreport/"/>
    <property name="java.io.tmpdir" value="/var/folders/st/yr4jbf4d4zn5s2dz9w8m2vhh0000gq/T/"/>
    <property name="java.version" value="18.0.2.1"/>
    <property name="user.dir" value="/Users/manaschandra/Desktop/testproject/StandardType"/>
    <property name="os.arch" value="x86_64"/>
    <property name="java.vm.specification.name" value="Java Virtual Machine Specification"/>
    <property name="native.encoding" value="UTF-8"/>
    <property name="java.library.path" value="/Users/manaschandra/Library/Java/Extensions:/Library/Java/Extensions:/Network/Library/Java/Extensions:/System/Library/Java/Extensions:/usr/lib/java:."/>
    <property name="java.vm.info" value="mixed mode, sharing"/>
    <property name="java.vendor" value="Oracle Corporation"/>
    <property name="java.vm.version" value="18.0.2.1+1-1"/>
    <property name="sun.io.unicode.encoding" value="UnicodeBig"/>
    <property name="socksNonProxyHosts" value="local|*.local|169.254/16|*.169.254/16"/>
    <property name="java.class.version" value="62.0"/>
  </properties>
  <testcase name="lunchBrowser" classname="songTest.SongRunnerTest" time="9.984">
    <failure message="no such window: target window already closed&#10;from unknown error: web view not found&#10;  (Session info: chrome=114.0.5735.198)&#10;Build info: version: &apos;4.10.0&apos;, revision: &apos;c14d967899&apos;&#10;System info: os.name: &apos;Mac OS X&apos;, os.arch: &apos;x86_64&apos;, os.version: &apos;12.6&apos;, java.version: &apos;18.0.2.1&apos;&#10;Driver info: org.openqa.selenium.chrome.ChromeDriver&#10;Command: [95274759157865958a61339f0c2ecb47, findElement {using=id, value=username}]&#10;Capabilities {acceptInsecureCerts: false, browserName: chrome, browserVersion: 114.0.5735.198, chrome: {chromedriverVersion: 114.0.5735.90 (386bc09e8f4f..., userDataDir: /var/folders/st/yr4jbf4d4zn...}, goog:chromeOptions: {debuggerAddress: localhost:52870}, networkConnectionEnabled: false, pageLoadStrategy: normal, platformName: mac, proxy: Proxy(), se:cdp: ws://localhost:52870/devtoo..., se:cdpVersion: 114.0.5735.198, setWindowRect: true, strictFileInteractability: false, timeouts: {implicit: 0, pageLoad: 300000, script: 30000}, unhandledPromptBehavior: dismiss and notify, webauthn:extension:credBlob: true, webauthn:extension:largeBlob: true, webauthn:extension:minPinLength: true, webauthn:extension:prf: true, webauthn:virtualAuthenticators: true}&#10;Session ID: 95274759157865958a61339f0c2ecb47" type="org.openqa.selenium.NoSuchWindowException">org.openqa.selenium.NoSuchWindowException: 
no such window: target window already closed
from unknown error: web view not found
  (Session info: chrome=114.0.5735.198)
Build info: version: '4.10.0', revision: 'c14d967899'
System info: os.name: 'Mac OS X', os.arch: 'x86_64', os.version: '12.6', java.version: '18.0.2.1'
Driver info: org.openqa.selenium.chrome.ChromeDriver
Command: [95274759157865958a61339f0c2ecb47, findElement {using=id, value=username}]
Capabilities {acceptInsecureCerts: false, browserName: chrome, browserVersion: 114.0.5735.198, chrome: {chromedriverVersion: 114.0.5735.90 (386bc09e8f4f..., userDataDir: /var/folders/st/yr4jbf4d4zn...}, goog:chromeOptions: {debuggerAddress: localhost:52870}, networkConnectionEnabled: false, pageLoadStrategy: normal, platformName: mac, proxy: Proxy(), se:cdp: ws://localhost:52870/devtoo..., se:cdpVersion: 114.0.5735.198, setWindowRect: true, strictFileInteractability: false, timeouts: {implicit: 0, pageLoad: 300000, script: 30000}, unhandledPromptBehavior: dismiss and notify, webauthn:extension:credBlob: true, webauthn:extension:largeBlob: true, webauthn:extension:minPinLength: true, webauthn:extension:prf: true, webauthn:virtualAuthenticators: true}
Session ID: 95274759157865958a61339f0c2ecb47
</failure>
    <system-err><![CDATA[Jun 29, 2023 6:55:54 PM org.openqa.selenium.remote.service.DriverService$Builder getLogOutput
INFO: Driver logs no longer sent to console by default; https://www.selenium.dev/documentation/webdriver/drivers/service/#setting-log-output
SLF4J: Failed to load class "org.slf4j.impl.StaticLoggerBinder".
SLF4J: Defaulting to no-operation (NOP) logger implementation
SLF4J: See http://www.slf4j.org/codes.html#StaticLoggerBinder for further details.
ERROR StatusLogger Log4j2 could not find a logging implementation. Please add log4j-core to the classpath. Using SimpleLogger to log to the console...
]]></system-err>
  </testcase>
  <testcase name="songTestRun" classname="songTest.SongRunnerTest" time="0">
    <skipped message="no such window: target window already closed&#10;from unknown error: web view not found&#10;  (Session info: chrome=114.0.5735.198)&#10;Build info: version: &apos;4.10.0&apos;, revision: &apos;c14d967899&apos;&#10;System info: os.name: &apos;Mac OS X&apos;, os.arch: &apos;x86_64&apos;, os.version: &apos;12.6&apos;, java.version: &apos;18.0.2.1&apos;&#10;Driver info: org.openqa.selenium.chrome.ChromeDriver&#10;Command: [95274759157865958a61339f0c2ecb47, findElement {using=id, value=username}]&#10;Capabilities {acceptInsecureCerts: false, browserName: chrome, browserVersion: 114.0.5735.198, chrome: {chromedriverVersion: 114.0.5735.90 (386bc09e8f4f..., userDataDir: /var/folders/st/yr4jbf4d4zn...}, goog:chromeOptions: {debuggerAddress: localhost:52870}, networkConnectionEnabled: false, pageLoadStrategy: normal, platformName: mac, proxy: Proxy(), se:cdp: ws://localhost:52870/devtoo..., se:cdpVersion: 114.0.5735.198, setWindowRect: true, strictFileInteractability: false, timeouts: {implicit: 0, pageLoad: 300000, script: 30000}, unhandledPromptBehavior: dismiss and notify, webauthn:extension:credBlob: true, webauthn:extension:largeBlob: true, webauthn:extension:minPinLength: true, webauthn:extension:prf: true, webauthn:virtualAuthenticators: true}&#10;Session ID: 95274759157865958a61339f0c2ecb47"/>
  </testcase>
  <testcase name="Quit" classname="songTest.SongRunnerTest" time="0">
    <skipped/>
  </testcase>
</testsuite>