<?xml version="1.0" encoding="UTF-8"?>
<testsuite xmlns:xsi="http://www.w3.org/2001/XMLSchema-instance" xsi:noNamespaceSchemaLocation="https://maven.apache.org/surefire/maven-surefire-plugin/xsd/surefire-test-report.xsd" name="songTest.SongRunnerTest" time="0.616" tests="4" errors="0" skipped="3" failures="1">
  <properties>
    <property name="java.specification.version" value="18"/>
    <property name="sun.jnu.encoding" value="UTF-8"/>
    <property name="java.class.path" value="/Users/manaschandra/Desktop/testproject/StandardType/target/test-classes:/Users/manaschandra/Desktop/testproject/StandardType/target/classes:/Users/manaschandra/.m2/repository/junit/junit/4.11/junit-4.11.jar:/Users/manaschandra/.m2/repository/org/hamcrest/hamcrest-core/1.3/hamcrest-core-1.3.jar:/Users/manaschandra/.m2/repository/org/seleniumhq/selenium/selenium-java/3.14.0/selenium-java-3.14.0.jar:/Users/manaschandra/.m2/repository/org/seleniumhq/selenium/selenium-edge-driver/3.14.0/selenium-edge-driver-3.14.0.jar:/Users/manaschandra/.m2/repository/org/seleniumhq/selenium/selenium-firefox-driver/3.14.0/selenium-firefox-driver-3.14.0.jar:/Users/manaschandra/.m2/repository/org/seleniumhq/selenium/selenium-ie-driver/3.14.0/selenium-ie-driver-3.14.0.jar:/Users/manaschandra/.m2/repository/org/seleniumhq/selenium/selenium-opera-driver/3.14.0/selenium-opera-driver-3.14.0.jar:/Users/manaschandra/.m2/repository/org/seleniumhq/selenium/selenium-safari-driver/3.14.0/selenium-safari-driver-3.14.0.jar:/Users/manaschandra/.m2/repository/org/seleniumhq/selenium/selenium-support/3.14.0/selenium-support-3.14.0.jar:/Users/manaschandra/.m2/repository/net/bytebuddy/byte-buddy/1.8.15/byte-buddy-1.8.15.jar:/Users/manaschandra/.m2/repository/org/apache/commons/commons-exec/1.3/commons-exec-1.3.jar:/Users/manaschandra/.m2/repository/commons-codec/commons-codec/1.10/commons-codec-1.10.jar:/Users/manaschandra/.m2/repository/com/google/guava/guava/25.0-jre/guava-25.0-jre.jar:/Users/manaschandra/.m2/repository/com/google/code/findbugs/jsr305/1.3.9/jsr305-1.3.9.jar:/Users/manaschandra/.m2/repository/org/checkerframework/checker-compat-qual/2.0.0/checker-compat-qual-2.0.0.jar:/Users/manaschandra/.m2/repository/com/google/errorprone/error_prone_annotations/2.1.3/error_prone_annotations-2.1.3.jar:/Users/manaschandra/.m2/repository/com/google/j2objc/j2objc-annotations/1.1/j2objc-annotations-1.1.jar:/Users/manaschandra/.m2/repository/org/codehaus/mojo/animal-sniffer-annotations/1.14/animal-sniffer-annotations-1.14.jar:/Users/manaschandra/.m2/repository/org/apache/httpcomponents/httpclient/4.5.5/httpclient-4.5.5.jar:/Users/manaschandra/.m2/repository/org/apache/httpcomponents/httpcore/4.4.9/httpcore-4.4.9.jar:/Users/manaschandra/.m2/repository/com/squareup/okhttp3/okhttp/3.10.0/okhttp-3.10.0.jar:/Users/manaschandra/.m2/repository/com/squareup/okio/okio/1.14.1/okio-1.14.1.jar:/Users/manaschandra/.m2/repository/org/seleniumhq/selenium/selenium-api/3.14.0/selenium-api-3.14.0.jar:/Users/manaschandra/.m2/repository/org/seleniumhq/selenium/selenium-chrome-driver/3.14.0/selenium-chrome-driver-3.14.0.jar:/Users/manaschandra/.m2/repository/io/github/bonigarcia/webdrivermanager/3.7.1/webdrivermanager-3.7.1.jar:/Users/manaschandra/.m2/repository/org/slf4j/slf4j-api/1.7.25/slf4j-api-1.7.25.jar:/Users/manaschandra/.m2/repository/commons-io/commons-io/2.6/commons-io-2.6.jar:/Users/manaschandra/.m2/repository/com/google/code/gson/gson/2.8.5/gson-2.8.5.jar:/Users/manaschandra/.m2/repository/org/apache/commons/commons-lang3/3.8.1/commons-lang3-3.8.1.jar:/Users/manaschandra/.m2/repository/org/rauschig/jarchivelib/1.0.0/jarchivelib-1.0.0.jar:/Users/manaschandra/.m2/repository/org/apache/commons/commons-compress/1.18/commons-compress-1.18.jar:/Users/manaschandra/.m2/repository/org/jsoup/jsoup/1.11.3/jsoup-1.11.3.jar:/Users/manaschandra/.m2/repository/org/seleniumhq/selenium/selenium-remote-driver/3.14.0/selenium-remote-driver-3.14.0.jar:/Users/manaschandra/.m2/repository/io/appium/java-client/7.0.0/java-client-7.0.0.jar:/Users/manaschandra/.m2/repository/cglib/cglib/3.2.8/cglib-3.2.8.jar:/Users/manaschandra/.m2/repository/org/ow2/asm/asm/6.2.1/asm-6.2.1.jar:/Users/manaschandra/.m2/repository/commons-validator/commons-validator/1.6/commons-validator-1.6.jar:/Users/manaschandra/.m2/repository/commons-beanutils/commons-beanutils/1.9.2/commons-beanutils-1.9.2.jar:/Users/manaschandra/.m2/repository/commons-digester/commons-digester/1.8.1/commons-digester-1.8.1.jar:/Users/manaschandra/.m2/repository/commons-collections/commons-collections/3.2.2/commons-collections-3.2.2.jar:/Users/manaschandra/.m2/repository/org/springframework/spring-context/5.1.0.RELEASE/spring-context-5.1.0.RELEASE.jar:/Users/manaschandra/.m2/repository/org/springframework/spring-aop/5.1.0.RELEASE/spring-aop-5.1.0.RELEASE.jar:/Users/manaschandra/.m2/repository/org/springframework/spring-beans/5.1.0.RELEASE/spring-beans-5.1.0.RELEASE.jar:/Users/manaschandra/.m2/repository/org/springframework/spring-core/5.1.0.RELEASE/spring-core-5.1.0.RELEASE.jar:/Users/manaschandra/.m2/repository/org/springframework/spring-jcl/5.1.0.RELEASE/spring-jcl-5.1.0.RELEASE.jar:/Users/manaschandra/.m2/repository/org/springframework/spring-expression/5.1.0.RELEASE/spring-expression-5.1.0.RELEASE.jar:/Users/manaschandra/.m2/repository/org/aspectj/aspectjweaver/1.9.1/aspectjweaver-1.9.1.jar:/Users/manaschandra/.m2/repository/org/testng/testng/6.14.3/testng-6.14.3.jar:/Users/manaschandra/.m2/repository/com/beust/jcommander/1.72/jcommander-1.72.jar:/Users/manaschandra/.m2/repository/org/apache-extras/beanshell/bsh/2.0b6/bsh-2.0b6.jar:/Users/manaschandra/.m2/repository/commons-logging/commons-logging/1.2/commons-logging-1.2.jar:/Users/manaschandra/.m2/repository/log4j/log4j/1.2.17/log4j-1.2.17.jar:/Users/manaschandra/.m2/repository/xml-apis/xml-apis/1.4.01/xml-apis-1.4.01.jar:/Users/manaschandra/.m2/repository/org/apache/poi/poi/3.17/poi-3.17.jar:/Users/manaschandra/.m2/repository/org/apache/commons/commons-collections4/4.1/commons-collections4-4.1.jar:/Users/manaschandra/.m2/repository/org/apache/poi/poi-ooxml/3.17/poi-ooxml-3.17.jar:/Users/manaschandra/.m2/repository/com/github/virtuald/curvesapi/1.04/curvesapi-1.04.jar:/Users/manaschandra/.m2/repository/org/apache/poi/poi-excelant/3.17/poi-excelant-3.17.jar:/Users/manaschandra/.m2/repository/org/apache/ant/ant/1.8.2/ant-1.8.2.jar:/Users/manaschandra/.m2/repository/org/apache/ant/ant-launcher/1.8.2/ant-launcher-1.8.2.jar:/Users/manaschandra/.m2/repository/org/apache/poi/poi-ooxml-schemas/3.17/poi-ooxml-schemas-3.17.jar:/Users/manaschandra/.m2/repository/org/apache/xmlbeans/xmlbeans/2.6.0/xmlbeans-2.6.0.jar:/Users/manaschandra/.m2/repository/stax/stax-api/1.0.1/stax-api-1.0.1.jar:"/>
    <property name="java.vm.vendor" value="Oracle Corporation"/>
    <property name="sun.arch.data.model" value="64"/>
    <property name="java.vendor.url" value="https://java.oracle.com/"/>
    <property name="os.name" value="Mac OS X"/>
    <property name="java.vm.specification.version" value="18"/>
    <property name="sun.java.launcher" value="SUN_STANDARD"/>
    <property name="user.country" value="IN"/>
    <property name="sun.boot.library.path" value="/Users/manaschandra/Library/Java/JavaVirtualMachines/openjdk-18.0.2.1/Contents/Home/lib"/>
    <property name="sun.java.command" value="/Users/manaschandra/Desktop/testproject/StandardType/target/surefire/surefirebooter17780937194537264846.jar /Users/manaschandra/Desktop/testproject/StandardType/target/surefire 2023-06-29T17-01-33_118-jvmRun1 surefire7040422202587398855tmp surefire_07962067534340751207tmp"/>
    <property name="http.nonProxyHosts" value="local|*.local|169.254/16|*.169.254/16"/>
    <property name="jdk.debug" value="release"/>
    <property name="surefire.test.class.path" value="/Users/manaschandra/Desktop/testproject/StandardType/target/test-classes:/Users/manaschandra/Desktop/testproject/StandardType/target/classes:/Users/manaschandra/.m2/repository/junit/junit/4.11/junit-4.11.jar:/Users/manaschandra/.m2/repository/org/hamcrest/hamcrest-core/1.3/hamcrest-core-1.3.jar:/Users/manaschandra/.m2/repository/org/seleniumhq/selenium/selenium-java/3.14.0/selenium-java-3.14.0.jar:/Users/manaschandra/.m2/repository/org/seleniumhq/selenium/selenium-edge-driver/3.14.0/selenium-edge-driver-3.14.0.jar:/Users/manaschandra/.m2/repository/org/seleniumhq/selenium/selenium-firefox-driver/3.14.0/selenium-firefox-driver-3.14.0.jar:/Users/manaschandra/.m2/repository/org/seleniumhq/selenium/selenium-ie-driver/3.14.0/selenium-ie-driver-3.14.0.jar:/Users/manaschandra/.m2/repository/org/seleniumhq/selenium/selenium-opera-driver/3.14.0/selenium-opera-driver-3.14.0.jar:/Users/manaschandra/.m2/repository/org/seleniumhq/selenium/selenium-safari-driver/3.14.0/selenium-safari-driver-3.14.0.jar:/Users/manaschandra/.m2/repository/org/seleniumhq/selenium/selenium-support/3.14.0/selenium-support-3.14.0.jar:/Users/manaschandra/.m2/repository/net/bytebuddy/byte-buddy/1.8.15/byte-buddy-1.8.15.jar:/Users/manaschandra/.m2/repository/org/apache/commons/commons-exec/1.3/commons-exec-1.3.jar:/Users/manaschandra/.m2/repository/commons-codec/commons-codec/1.10/commons-codec-1.10.jar:/Users/manaschandra/.m2/repository/com/google/guava/guava/25.0-jre/guava-25.0-jre.jar:/Users/manaschandra/.m2/repository/com/google/code/findbugs/jsr305/1.3.9/jsr305-1.3.9.jar:/Users/manaschandra/.m2/repository/org/checkerframework/checker-compat-qual/2.0.0/checker-compat-qual-2.0.0.jar:/Users/manaschandra/.m2/repository/com/google/errorprone/error_prone_annotations/2.1.3/error_prone_annotations-2.1.3.jar:/Users/manaschandra/.m2/repository/com/google/j2objc/j2objc-annotations/1.1/j2objc-annotations-1.1.jar:/Users/manaschandra/.m2/repository/org/codehaus/mojo/animal-sniffer-annotations/1.14/animal-sniffer-annotations-1.14.jar:/Users/manaschandra/.m2/repository/org/apache/httpcomponents/httpclient/4.5.5/httpclient-4.5.5.jar:/Users/manaschandra/.m2/repository/org/apache/httpcomponents/httpcore/4.4.9/httpcore-4.4.9.jar:/Users/manaschandra/.m2/repository/com/squareup/okhttp3/okhttp/3.10.0/okhttp-3.10.0.jar:/Users/manaschandra/.m2/repository/com/squareup/okio/okio/1.14.1/okio-1.14.1.jar:/Users/manaschandra/.m2/repository/org/seleniumhq/selenium/selenium-api/3.14.0/selenium-api-3.14.0.jar:/Users/manaschandra/.m2/repository/org/seleniumhq/selenium/selenium-chrome-driver/3.14.0/selenium-chrome-driver-3.14.0.jar:/Users/manaschandra/.m2/repository/io/github/bonigarcia/webdrivermanager/3.7.1/webdrivermanager-3.7.1.jar:/Users/manaschandra/.m2/repository/org/slf4j/slf4j-api/1.7.25/slf4j-api-1.7.25.jar:/Users/manaschandra/.m2/repository/commons-io/commons-io/2.6/commons-io-2.6.jar:/Users/manaschandra/.m2/repository/com/google/code/gson/gson/2.8.5/gson-2.8.5.jar:/Users/manaschandra/.m2/repository/org/apache/commons/commons-lang3/3.8.1/commons-lang3-3.8.1.jar:/Users/manaschandra/.m2/repository/org/rauschig/jarchivelib/1.0.0/jarchivelib-1.0.0.jar:/Users/manaschandra/.m2/repository/org/apache/commons/commons-compress/1.18/commons-compress-1.18.jar:/Users/manaschandra/.m2/repository/org/jsoup/jsoup/1.11.3/jsoup-1.11.3.jar:/Users/manaschandra/.m2/repository/org/seleniumhq/selenium/selenium-remote-driver/3.14.0/selenium-remote-driver-3.14.0.jar:/Users/manaschandra/.m2/repository/io/appium/java-client/7.0.0/java-client-7.0.0.jar:/Users/manaschandra/.m2/repository/cglib/cglib/3.2.8/cglib-3.2.8.jar:/Users/manaschandra/.m2/repository/org/ow2/asm/asm/6.2.1/asm-6.2.1.jar:/Users/manaschandra/.m2/repository/commons-validator/commons-validator/1.6/commons-validator-1.6.jar:/Users/manaschandra/.m2/repository/commons-beanutils/commons-beanutils/1.9.2/commons-beanutils-1.9.2.jar:/Users/manaschandra/.m2/repository/commons-digester/commons-digester/1.8.1/commons-digester-1.8.1.jar:/Users/manaschandra/.m2/repository/commons-collections/commons-collections/3.2.2/commons-collections-3.2.2.jar:/Users/manaschandra/.m2/repository/org/springframework/spring-context/5.1.0.RELEASE/spring-context-5.1.0.RELEASE.jar:/Users/manaschandra/.m2/repository/org/springframework/spring-aop/5.1.0.RELEASE/spring-aop-5.1.0.RELEASE.jar:/Users/manaschandra/.m2/repository/org/springframework/spring-beans/5.1.0.RELEASE/spring-beans-5.1.0.RELEASE.jar:/Users/manaschandra/.m2/repository/org/springframework/spring-core/5.1.0.RELEASE/spring-core-5.1.0.RELEASE.jar:/Users/manaschandra/.m2/repository/org/springframework/spring-jcl/5.1.0.RELEASE/spring-jcl-5.1.0.RELEASE.jar:/Users/manaschandra/.m2/repository/org/springframework/spring-expression/5.1.0.RELEASE/spring-expression-5.1.0.RELEASE.jar:/Users/manaschandra/.m2/repository/org/aspectj/aspectjweaver/1.9.1/aspectjweaver-1.9.1.jar:/Users/manaschandra/.m2/repository/org/testng/testng/6.14.3/testng-6.14.3.jar:/Users/manaschandra/.m2/repository/com/beust/jcommander/1.72/jcommander-1.72.jar:/Users/manaschandra/.m2/repository/org/apache-extras/beanshell/bsh/2.0b6/bsh-2.0b6.jar:/Users/manaschandra/.m2/repository/commons-logging/commons-logging/1.2/commons-logging-1.2.jar:/Users/manaschandra/.m2/repository/log4j/log4j/1.2.17/log4j-1.2.17.jar:/Users/manaschandra/.m2/repository/xml-apis/xml-apis/1.4.01/xml-apis-1.4.01.jar:/Users/manaschandra/.m2/repository/org/apache/poi/poi/3.17/poi-3.17.jar:/Users/manaschandra/.m2/repository/org/apache/commons/commons-collections4/4.1/commons-collections4-4.1.jar:/Users/manaschandra/.m2/repository/org/apache/poi/poi-ooxml/3.17/poi-ooxml-3.17.jar:/Users/manaschandra/.m2/repository/com/github/virtuald/curvesapi/1.04/curvesapi-1.04.jar:/Users/manaschandra/.m2/repository/org/apache/poi/poi-excelant/3.17/poi-excelant-3.17.jar:/Users/manaschandra/.m2/repository/org/apache/ant/ant/1.8.2/ant-1.8.2.jar:/Users/manaschandra/.m2/repository/org/apache/ant/ant-launcher/1.8.2/ant-launcher-1.8.2.jar:/Users/manaschandra/.m2/repository/org/apache/poi/poi-ooxml-schemas/3.17/poi-ooxml-schemas-3.17.jar:/Users/manaschandra/.m2/repository/org/apache/xmlbeans/xmlbeans/2.6.0/xmlbeans-2.6.0.jar:/Users/manaschandra/.m2/repository/stax/stax-api/1.0.1/stax-api-1.0.1.jar:"/>
    <property name="sun.cpu.endian" value="little"/>
    <property name="user.home" value="/Users/manaschandra"/>
    <property name="user.language" value="en"/>
    <property name="java.specification.vendor" value="Oracle Corporation"/>
    <property name="java.version.date" value="2022-08-18"/>
    <property name="java.home" value="/Users/manaschandra/Library/Java/JavaVirtualMachines/openjdk-18.0.2.1/Contents/Home"/>
    <property name="file.separator" value="/"/>
    <property name="basedir" value="/Users/manaschandra/Desktop/testproject/StandardType"/>
    <property name="style.color" value="always"/>
    <property name="java.vm.compressedOopsMode" value="Zero based"/>
    <property name="line.separator" value="&#10;"/>
    <property name="java.vm.specification.vendor" value="Oracle Corporation"/>
    <property name="java.specification.name" value="Java Platform API Specification"/>
    <property name="apple.awt.application.name" value="ForkedBooter"/>
    <property name="surefire.real.class.path" value="/Users/manaschandra/Desktop/testproject/StandardType/target/surefire/surefirebooter17780937194537264846.jar"/>
    <property name="sun.management.compiler" value="HotSpot 64-Bit Tiered Compilers"/>
    <property name="ftp.nonProxyHosts" value="local|*.local|169.254/16|*.169.254/16"/>
    <property name="java.runtime.version" value="18.0.2.1+1-1"/>
    <property name="user.name" value="manaschandra"/>
    <property name="path.separator" value=":"/>
    <property name="os.version" value="12.6"/>
    <property name="java.runtime.name" value="OpenJDK Runtime Environment"/>
    <property name="file.encoding" value="UTF-8"/>
    <property name="java.vm.name" value="OpenJDK 64-Bit Server VM"/>
    <property name="localRepository" value="/Users/manaschandra/.m2/repository"/>
    <property name="java.vendor.url.bug" value="https://bugreport.java.com/bugreport/"/>
    <property name="java.io.tmpdir" value="/var/folders/st/yr4jbf4d4zn5s2dz9w8m2vhh0000gq/T/"/>
    <property name="java.version" value="18.0.2.1"/>
    <property name="user.dir" value="/Users/manaschandra/Desktop/testproject/StandardType"/>
    <property name="os.arch" value="x86_64"/>
    <property name="java.vm.specification.name" value="Java Virtual Machine Specification"/>
    <property name="native.encoding" value="UTF-8"/>
    <property name="java.library.path" value="/Users/manaschandra/Library/Java/Extensions:/Library/Java/Extensions:/Network/Library/Java/Extensions:/System/Library/Java/Extensions:/usr/lib/java:."/>
    <property name="java.vm.info" value="mixed mode, sharing"/>
    <property name="java.vendor" value="Oracle Corporation"/>
    <property name="java.vm.version" value="18.0.2.1+1-1"/>
    <property name="sun.io.unicode.encoding" value="UnicodeBig"/>
    <property name="socksNonProxyHosts" value="local|*.local|169.254/16|*.169.254/16"/>
    <property name="java.class.version" value="62.0"/>
  </properties>
  <testcase name="lunchBrowser" classname="songTest.SongRunnerTest" time="0.297">
    <failure message="The path to the driver executable must be set by the webdriver.chrome.driver system property; for more information, see https://github.com/SeleniumHQ/selenium/wiki/ChromeDriver. The latest version can be downloaded from http://chromedriver.storage.googleapis.com/index.html" type="java.lang.IllegalStateException">java.lang.IllegalStateException: The path to the driver executable must be set by the webdriver.chrome.driver system property; for more information, see https://github.com/SeleniumHQ/selenium/wiki/ChromeDriver. The latest version can be downloaded from http://chromedriver.storage.googleapis.com/index.html
</failure>
  </testcase>
  <testcase name="songTestRun" classname="songTest.SongRunnerTest" time="0">
    <skipped message="The path to the driver executable must be set by the webdriver.chrome.driver system property; for more information, see https://github.com/SeleniumHQ/selenium/wiki/ChromeDriver. The latest version can be downloaded from http://chromedriver.storage.googleapis.com/index.html"/>
  </testcase>
  <testcase name="LogOut" classname="songTest.SongRunnerTest" time="0">
    <skipped/>
  </testcase>
  <testcase name="Quit" classname="songTest.SongRunnerTest" time="0">
    <skipped/>
  </testcase>
</testsuite>